<?xml version="1.0" encoding="UTF-8"?>
<!-- Generated by org.testng.reporters.JUnitReportReporter -->
<testsuite hostname="CDWILT004" failures="0" tests="5" name="automations_WEB_Authentication.FE_Login" time="17.492" errors="0" timestamp="2022-08-24T13:45:50 SGT" skipped="2">
  <testcase classname="automations_WEB_Authentication.FE_Login" name="toSite" time="2.489"/>
  <system-out/>
  <testcase classname="automations_WEB_Authentication.FE_Login" name="closeAnnouncementAfterLogin" time="0.022">
    <skipped/>
  </testcase> <!-- closeAnnouncementAfterLogin -->
  <system-out/>
  <testcase classname="automations_WEB_Authentication.FE_Login" name="closeAnnouncement" time="3.481">
    <skipped/>
  </testcase> <!-- closeAnnouncement -->
  <system-out/>
  <testcase classname="automations_WEB_Authentication.FE_Login" name="login" time="6.703"/>
  <system-out/>
  <testcase classname="automations_WEB_Authentication.FE_Login" name="logout" time="4.797"/>
  <system-out/>
</testsuite> <!-- automations_WEB_Authentication.FE_Login -->
