<?xml version="1.0" encoding="UTF-8"?>
<!-- Generated by org.testng.reporters.JUnitReportReporter -->
<testsuite hostname="CDWILT004" failures="0" tests="7" name="automations_WEB.WEB_Offline_Deposit_Site" time="19.135" errors="0" timestamp="2022-08-18T18:01:46 SGT" skipped="0">
  <testcase classname="automations_WEB.WEB_Offline_Deposit_Site" name="OpenBrowserToSite" time="3.430"/>
  <system-out/>
  <testcase classname="automations_WEB.WEB_Offline_Deposit_Site" name="ClickLoginOptionButton" time="0.601"/>
  <system-out/>
  <testcase classname="automations_WEB.WEB_Offline_Deposit_Site" name="EnterLoginData" time="4.498"/>
  <system-out/>
  <testcase classname="automations_WEB.WEB_Offline_Deposit_Site" name="ToDepositPage" time="1.785"/>
  <system-out/>
  <testcase classname="automations_WEB.WEB_Offline_Deposit_Site" name="FillInOfflineDepositPageData" time="4.296"/>
  <system-out/>
  <testcase classname="automations_WEB.WEB_Offline_Deposit_Site" name="ConfirmOfflineDepositPaid" time="1.974"/>
  <system-out/>
  <testcase classname="automations_WEB.WEB_Offline_Deposit_Site" name="CancelOfflineDepositRequest" time="2.551"/>
  <system-out/>
</testsuite> <!-- automations_WEB.WEB_Offline_Deposit_Site -->
