<?xml version="1.0" encoding="UTF-8"?>
<!-- Generated by org.testng.reporters.JUnitReportReporter -->
<testsuite hostname="CDWILT004" failures="0" tests="4" name="webAuthentication.Authentication" time="17.591" errors="0" timestamp="2022-10-04T11:23:07 SGT" skipped="0">
  <testcase classname="webAuthentication.Authentication" name="toSite" time="3.323"/>
  <system-out/>
  <testcase classname="webAuthentication.Authentication" name="closeAnnouncement" time="0.047"/>
  <system-out/>
  <testcase classname="webAuthentication.Authentication" name="login" time="9.373"/>
  <system-out/>
  <testcase classname="webAuthentication.Authentication" name="logout" time="4.848"/>
  <system-out/>
</testsuite> <!-- webAuthentication.Authentication -->
