<?xml version="1.0" encoding="UTF-8"?>
<!-- Generated by org.testng.reporters.JUnitReportReporter -->
<testsuite hostname="CDWILT004" failures="0" tests="3" name="webAuthentication.FrontEndAuthentication" time="9.353" errors="0" timestamp="2022-08-26T18:02:40 SGT" skipped="0">
  <testcase classname="webAuthentication.FrontEndAuthentication" name="toSite" time="2.339"/>
  <system-out/>
  <testcase classname="webAuthentication.FrontEndAuthentication" name="closeAnnouncement" time="3.385"/>
  <system-out/>
  <testcase classname="webAuthentication.FrontEndAuthentication" name="login" time="3.629"/>
  <system-out/>
</testsuite> <!-- webAuthentication.FrontEndAuthentication -->
