<?xml version="1.0" encoding="UTF-8"?>
<!-- Generated by org.testng.reporters.JUnitReportReporter -->
<testsuite hostname="CDWILT004" failures="0" tests="3" name="automations_WEB.WEB_Register_Site" time="7.759" errors="0" timestamp="2022-08-17T17:56:02 SGT" skipped="0">
  <testcase classname="automations_WEB.WEB_Register_Site" name="OpenBrowserToSite" time="2.194"/>
  <system-out/>
  <testcase classname="automations_WEB.WEB_Register_Site" name="ClickRegisterOptionButton" time="0.598"/>
  <system-out/>
  <testcase classname="automations_WEB.WEB_Register_Site" name="EnterRegisterData" time="4.967"/>
  <system-out/>
</testsuite> <!-- automations_WEB.WEB_Register_Site -->
