<?xml version="1.0" encoding="UTF-8"?>
<!-- Generated by org.testng.reporters.JUnitReportReporter -->
<testsuite hostname="CDWILT004" failures="0" tests="2" name="automations_WEB.FE_Open_Site" time="9.091" errors="0" timestamp="2022-08-23T12:05:52 SGT" skipped="1">
  <testcase classname="automations_WEB.FE_Open_Site" name="openBrowserToSite" time="4.460"/>
  <system-out/>
  <testcase classname="automations_WEB.FE_Open_Site" name="closeAnnouncement" time="4.631">
    <skipped/>
  </testcase> <!-- closeAnnouncement -->
  <system-out/>
</testsuite> <!-- automations_WEB.FE_Open_Site -->
