<?xml version="1.0" encoding="UTF-8"?>
<!-- Generated by org.testng.reporters.JUnitReportReporter -->
<testsuite hostname="CDWILT004" failures="0" tests="4" name="automations_WEB.FE_Logout_Site" time="8.085" errors="0" timestamp="2022-08-19T14:55:58 SGT" skipped="0">
  <testcase classname="automations_WEB.FE_Logout_Site" name="openBrowserToSite" time="3.444"/>
  <system-out/>
  <testcase classname="automations_WEB.FE_Logout_Site" name="selectLoginOption" time="0.106"/>
  <system-out/>
  <testcase classname="automations_WEB.FE_Logout_Site" name="fillInLoginDataAndLogin" time="3.736"/>
  <system-out/>
  <testcase classname="automations_WEB.FE_Logout_Site" name="logout" time="0.799"/>
  <system-out/>
</testsuite> <!-- automations_WEB.FE_Logout_Site -->
