<?xml version="1.0" encoding="UTF-8"?>
<!-- Generated by org.testng.reporters.JUnitReportReporter -->
<testsuite hostname="DESKTOP-7UGQK8A" failures="0" tests="9" name="webOfflineDeposit.FEOfflineDeposit" time="31.515" errors="0" timestamp="2022-09-02T14:49:42 SGT" skipped="0">
  <testcase classname="webOfflineDeposit.FEOfflineDeposit" name="toSite" time="1.809"/>
  <system-out/>
  <testcase classname="webOfflineDeposit.FEOfflineDeposit" name="closeAnnouncement" time="2.974"/>
  <system-out/>
  <testcase classname="webOfflineDeposit.FEOfflineDeposit" name="login" time="1.163"/>
  <system-out/>
  <testcase classname="webOfflineDeposit.FEOfflineDeposit" name="toDepositPage" time="2.528"/>
  <system-out/>
  <testcase classname="webOfflineDeposit.FEOfflineDeposit" name="offlineDepositMethods" time="3.293"/>
  <system-out/>
  <testcase classname="webOfflineDeposit.FEOfflineDeposit" name="confirmOfflineDepositPaid" time="3.608"/>
  <system-out/>
  <testcase classname="webOfflineDeposit.FEOfflineDeposit" name="verifyOfflineDepositID" time="5.539"/>
  <system-out/>
  <testcase classname="webOfflineDeposit.FEOfflineDeposit" name="loginBOPage" time="2.701"/>
  <system-out/>
  <testcase classname="webOfflineDeposit.FEOfflineDeposit" name="offlineDepositVerification" time="7.900"/>
  <system-out/>
</testsuite> <!-- webOfflineDeposit.FEOfflineDeposit -->
