<?xml version="1.0" encoding="UTF-8"?>
<!-- Generated by org.testng.reporters.JUnitReportReporter -->
<testsuite hostname="CDWILT004" failures="0" tests="5" name="webOfflineDeposit.FEOfflineDeposit" time="22.558" errors="0" timestamp="2022-09-19T17:51:58 SGT" skipped="0">
  <testcase classname="webOfflineDeposit.FEOfflineDeposit" name="toSite" time="1.569"/>
  <system-out/>
  <testcase classname="webOfflineDeposit.FEOfflineDeposit" name="closeAnnouncement" time="0.045"/>
  <system-out/>
  <testcase classname="webOfflineDeposit.FEOfflineDeposit" name="login" time="3.442"/>
  <system-out/>
  <testcase classname="webOfflineDeposit.FEOfflineDeposit" name="toDepositPage" time="15.869"/>
  <system-out/>
  <testcase classname="webOfflineDeposit.FEOfflineDeposit" name="offlineDepositMethods" time="1.633"/>
  <system-out/>
</testsuite> <!-- webOfflineDeposit.FEOfflineDeposit -->
