<?xml version="1.0" encoding="UTF-8"?>
<!-- Generated by org.testng.reporters.JUnitReportReporter -->
<testsuite hostname="CDWILT004" failures="0" tests="3" name="automations_WEB.FE_Register_Site" time="13.418" errors="0" timestamp="2022-08-19T16:13:28 SGT" skipped="0">
  <testcase classname="automations_WEB.FE_Register_Site" name="openBrowserToSite" time="4.290"/>
  <system-out/>
  <testcase classname="automations_WEB.FE_Register_Site" name="selectRegisterOptionButton" time="0.130"/>
  <system-out/>
  <testcase classname="automations_WEB.FE_Register_Site" name="fillInRegisterData" time="8.998"/>
  <system-out/>
</testsuite> <!-- automations_WEB.FE_Register_Site -->
