<?xml version="1.0" encoding="UTF-8"?>
<!-- Generated by org.testng.reporters.JUnitReportReporter -->
<testsuite hostname="DESKTOP-7UGQK8A" failures="0" tests="1" name="automations_WEB_Authentication.FE_Logout" time="3.698" errors="0" timestamp="2022-08-23T23:20:48 SGT" skipped="0">
  <testcase classname="automations_WEB_Authentication.FE_Logout" name="logout" time="3.698"/>
  <system-out/>
</testsuite> <!-- automations_WEB_Authentication.FE_Logout -->
