<?xml version="1.0" encoding="UTF-8"?>
<!-- Generated by org.testng.reporters.JUnitReportReporter -->
<testsuite hostname="CDWILT004" failures="0" tests="5" name="automation_WEB_Withdraw.FE_Withdraw" time="51.727" errors="0" timestamp="2022-08-26T11:03:33 SGT" skipped="1">
  <testcase classname="automation_WEB_Withdraw.FE_Withdraw" name="toSite" time="14.233"/>
  <system-out/>
  <testcase classname="automation_WEB_Withdraw.FE_Withdraw" name="closeAnnouncement" time="0.034">
    <skipped/>
  </testcase> <!-- closeAnnouncement -->
  <system-out/>
  <testcase classname="automation_WEB_Withdraw.FE_Withdraw" name="login" time="5.992"/>
  <system-out/>
  <testcase classname="automation_WEB_Withdraw.FE_Withdraw" name="withdrawPage" time="1.296"/>
  <system-out/>
  <testcase classname="automation_WEB_Withdraw.FE_Withdraw" name="withdrawMethods" time="30.172"/>
  <system-out/>
</testsuite> <!-- automation_WEB_Withdraw.FE_Withdraw -->
