<?xml version="1.0" encoding="UTF-8"?>
<!-- Generated by org.testng.reporters.JUnitReportReporter -->
<testsuite hostname="CDWILT004" failures="0" tests="7" name="automations_WEB.FE_Offline_Deposit_Site" time="19.737" errors="0" timestamp="2022-08-19T17:24:31 SGT" skipped="0">
  <testcase classname="automations_WEB.FE_Offline_Deposit_Site" name="openBrowserToSite" time="5.125"/>
  <system-out/>
  <testcase classname="automations_WEB.FE_Offline_Deposit_Site" name="selectLoginOption" time="0.119"/>
  <system-out/>
  <testcase classname="automations_WEB.FE_Offline_Deposit_Site" name="fillInLoginDataAndLogin" time="3.356"/>
  <system-out/>
  <testcase classname="automations_WEB.FE_Offline_Deposit_Site" name="toDepositPage" time="3.565"/>
  <system-out/>
  <testcase classname="automations_WEB.FE_Offline_Deposit_Site" name="fillInOfflineDepositPageData" time="3.200"/>
  <system-out/>
  <testcase classname="automations_WEB.FE_Offline_Deposit_Site" name="confirmOfflineDepositPaid" time="2.500"/>
  <system-out/>
  <testcase classname="automations_WEB.FE_Offline_Deposit_Site" name="cancelOfflineDepositRequest" time="1.872"/>
  <system-out/>
</testsuite> <!-- automations_WEB.FE_Offline_Deposit_Site -->
