<?xml version="1.0" encoding="UTF-8"?>
<!-- Generated by org.testng.reporters.JUnitReportReporter -->
<testsuite hostname="CDWILT004" failures="0" tests="1" name="automations_WEB_Authentication.Test_Purposes" time="4.834" errors="0" timestamp="2022-08-26T14:20:26 SGT" skipped="1">
  <testcase classname="automations_WEB_Authentication.Test_Purposes" name="test001" time="4.834">
    <skipped/>
  </testcase> <!-- test001 -->
  <system-out/>
</testsuite> <!-- automations_WEB_Authentication.Test_Purposes -->
