<?xml version="1.0" encoding="UTF-8"?>
<!-- Generated by org.testng.reporters.JUnitReportReporter -->
<testsuite hostname="CDWILT004" failures="0" tests="8" name="automation_WEB_Deposit.FE_OfflineDeposit" time="31.091" errors="0" timestamp="2022-08-24T17:56:34 SGT" skipped="1">
  <testcase classname="automation_WEB_Deposit.FE_OfflineDeposit" name="toSite" time="5.784"/>
  <system-out/>
  <testcase classname="automation_WEB_Deposit.FE_OfflineDeposit" name="closeAnnouncement" time="0.037">
    <skipped/>
  </testcase> <!-- closeAnnouncement -->
  <system-out/>
  <testcase classname="automation_WEB_Deposit.FE_OfflineDeposit" name="login" time="9.372"/>
  <system-out/>
  <testcase classname="automation_WEB_Deposit.FE_OfflineDeposit" name="depositPage" time="1.302"/>
  <system-out/>
  <testcase classname="automation_WEB_Deposit.FE_OfflineDeposit" name="offlineDepositMethods" time="4.778"/>
  <system-out/>
  <testcase classname="automation_WEB_Deposit.FE_OfflineDeposit" name="confirmOfflineDepositPaid" time="1.296"/>
  <system-out/>
  <testcase classname="automation_WEB_Deposit.FE_OfflineDeposit" name="cancelOfflineDepositRequest" time="4.237"/>
  <system-out/>
  <testcase classname="automation_WEB_Deposit.FE_OfflineDeposit" name="loginBOPage" time="4.285"/>
  <system-out/>
</testsuite> <!-- automation_WEB_Deposit.FE_OfflineDeposit -->
