<?xml version="1.0" encoding="UTF-8"?>
<!-- Generated by org.testng.reporters.JUnitReportReporter -->
<testsuite hostname="CDWILT004" failures="0" tests="2" name="automations_WEB.FE_Logout_Site" time="3.128" errors="0" timestamp="2022-08-23T12:05:52 SGT" skipped="0">
  <testcase classname="automations_WEB.FE_Logout_Site" name="startNext" time="0.002"/>
  <system-out/>
  <testcase classname="automations_WEB.FE_Logout_Site" name="logout" time="3.126"/>
  <system-out/>
</testsuite> <!-- automations_WEB.FE_Logout_Site -->
