<?xml version="1.0" encoding="UTF-8"?>
<!-- Generated by org.testng.reporters.JUnitReportReporter -->
<testsuite hostname="CDWILT004" failures="0" tests="4" name="automations_WEB.WEB_Logout_Site" time="11.382" errors="0" timestamp="2022-08-17T17:56:02 SGT" skipped="0">
  <testcase classname="automations_WEB.WEB_Logout_Site" name="OpenBrowserToSite" time="2.640"/>
  <system-out/>
  <testcase classname="automations_WEB.WEB_Logout_Site" name="ClickLoginOptionButton" time="0.592"/>
  <system-out/>
  <testcase classname="automations_WEB.WEB_Logout_Site" name="EnterLoginData" time="6.913"/>
  <system-out/>
  <testcase classname="automations_WEB.WEB_Logout_Site" name="Logout" time="1.237"/>
  <system-out/>
</testsuite> <!-- automations_WEB.WEB_Logout_Site -->
