<?xml version="1.0" encoding="UTF-8"?>
<!-- Generated by org.testng.reporters.JUnitReportReporter -->
<testsuite hostname="CDWILT004" failures="0" tests="6" name="webOfflineDeposit.FEOfflineDeposit" time="11.679" errors="0" timestamp="2022-09-20T15:05:59 SGT" skipped="0">
  <testcase classname="webOfflineDeposit.FEOfflineDeposit" name="toSite" time="1.239"/>
  <system-out/>
  <testcase classname="webOfflineDeposit.FEOfflineDeposit" name="closeAnnouncement" time="0.050"/>
  <system-out/>
  <testcase classname="webOfflineDeposit.FEOfflineDeposit" name="login" time="3.579"/>
  <system-out/>
  <testcase classname="webOfflineDeposit.FEOfflineDeposit" name="toDepositPage" time="1.523"/>
  <system-out/>
  <testcase classname="webOfflineDeposit.FEOfflineDeposit" name="offlineDepositMethods" time="2.343"/>
  <system-out/>
  <testcase classname="webOfflineDeposit.FEOfflineDeposit" name="cancelOfflineDepositRequest" time="2.945"/>
  <system-out/>
</testsuite> <!-- webOfflineDeposit.FEOfflineDeposit -->
