<?xml version="1.0" encoding="UTF-8"?>
<!-- Generated by org.testng.reporters.JUnitReportReporter -->
<testsuite hostname="CDWILT004" failures="0" tests="3" name="automations_WEB.FE_Login_Site" time="5.447" errors="0" timestamp="2022-08-23T12:05:52 SGT" skipped="0">
  <testcase classname="automations_WEB.FE_Login_Site" name="startNext" time="0.003"/>
  <system-out/>
  <testcase classname="automations_WEB.FE_Login_Site" name="selectLoginOption" time="0.108"/>
  <system-out/>
  <testcase classname="automations_WEB.FE_Login_Site" name="fillInLoginDataAndLogin" time="5.336"/>
  <system-out/>
</testsuite> <!-- automations_WEB.FE_Login_Site -->
