<?xml version="1.0" encoding="UTF-8"?>
<!-- Generated by org.testng.reporters.JUnitReportReporter -->
<testsuite hostname="CDWILT004" failures="0" tests="5" name="webAuthentication.FrontEndAuthentication" time="45.099" errors="0" timestamp="2022-09-19T16:48:07 SGT" skipped="0">
  <testcase classname="webAuthentication.FrontEndAuthentication" name="toSite" time="1.760"/>
  <system-out/>
  <testcase classname="webAuthentication.FrontEndAuthentication" name="closeAnnouncement" time="0.057"/>
  <system-out/>
  <testcase classname="webAuthentication.FrontEndAuthentication" name="login" time="3.931"/>
  <system-out/>
  <testcase classname="webAuthentication.FrontEndAuthentication" name="logout" time="2.541"/>
  <system-out/>
  <testcase classname="webAuthentication.FrontEndAuthentication" name="register" time="36.810"/>
  <system-out/>
</testsuite> <!-- webAuthentication.FrontEndAuthentication -->
