<?xml version="1.0" encoding="UTF-8"?>
<!-- Generated by org.testng.reporters.JUnitReportReporter -->
<testsuite hostname="CDWILT004" failures="0" tests="3" name="webAuthentication.FrontEndAuthentication" time="10.990" errors="0" timestamp="2022-08-26T17:53:32 SGT" skipped="0">
  <testcase classname="webAuthentication.FrontEndAuthentication" name="toSite" time="2.167"/>
  <system-out/>
  <testcase classname="webAuthentication.FrontEndAuthentication" name="closeAnnouncement" time="2.277"/>
  <system-out/>
  <testcase classname="webAuthentication.FrontEndAuthentication" name="register" time="6.546"/>
  <system-out/>
</testsuite> <!-- webAuthentication.FrontEndAuthentication -->
