<?xml version="1.0" encoding="UTF-8"?>
<!-- Generated by org.testng.reporters.JUnitReportReporter -->
<testsuite hostname="CDWILT004" failures="0" tests="3" name="automations_WEB.WEB_Register_Site" time="26.475" errors="0" timestamp="2022-08-17T16:21:00 SGT" skipped="0">
  <testcase classname="automations_WEB.WEB_Register_Site" name="OpenBrowserToSite" time="25.302"/>
  <system-out/>
  <testcase classname="automations_WEB.WEB_Register_Site" name="ClickRegisterOptionButton" time="0.659"/>
  <system-out/>
  <testcase classname="automations_WEB.WEB_Register_Site" name="EnterRegisterData" time="0.514"/>
  <system-out/>
</testsuite> <!-- automations_WEB.WEB_Register_Site -->
