<?xml version="1.0" encoding="UTF-8"?>
<!-- Generated by org.testng.reporters.JUnitReportReporter -->
<testsuite hostname="CDWILT004" failures="0" tests="3" name="automations_WEB.WEB_Login_Site" time="11.027" errors="0" timestamp="2022-08-17T14:06:45 SGT" skipped="0">
  <testcase classname="automations_WEB.WEB_Login_Site" name="OpenBrowserToSite" time="4.287"/>
  <system-out/>
  <testcase classname="automations_WEB.WEB_Login_Site" name="ClickLoginOptionButton" time="0.648"/>
  <system-out/>
  <testcase classname="automations_WEB.WEB_Login_Site" name="EnterLoginData" time="6.092"/>
  <system-out/>
</testsuite> <!-- automations_WEB.WEB_Login_Site -->
