<?xml version="1.0" encoding="UTF-8"?>
<!-- Generated by org.testng.reporters.JUnitReportReporter -->
<testsuite hostname="CDWILT004" failures="0" tests="3" name="automations_WEB.WEB_Register_Site" time="15.616" errors="0" timestamp="2022-08-18T10:27:47 SGT" skipped="0">
  <testcase classname="automations_WEB.WEB_Register_Site" name="OpenBrowserToSite" time="4.655"/>
  <system-out/>
  <testcase classname="automations_WEB.WEB_Register_Site" name="ClickRegisterOptionButton" time="0.651"/>
  <system-out/>
  <testcase classname="automations_WEB.WEB_Register_Site" name="EnterRegisterData" time="10.310"/>
  <system-out/>
</testsuite> <!-- automations_WEB.WEB_Register_Site -->
