<?xml version="1.0" encoding="UTF-8"?>
<!-- Generated by org.testng.reporters.JUnitReportReporter -->
<testsuite hostname="DESKTOP-7UGQK8A" failures="0" tests="4" name="webAuthentication.FrontEndAuthentication" time="11.202" errors="0" timestamp="2022-09-02T14:49:42 SGT" skipped="0">
  <testcase classname="webAuthentication.FrontEndAuthentication" name="toSite" time="1.858"/>
  <system-out/>
  <testcase classname="webAuthentication.FrontEndAuthentication" name="closeAnnouncement" time="3.031"/>
  <system-out/>
  <testcase classname="webAuthentication.FrontEndAuthentication" name="login" time="3.856"/>
  <system-out/>
  <testcase classname="webAuthentication.FrontEndAuthentication" name="logout" time="2.457"/>
  <system-out/>
</testsuite> <!-- webAuthentication.FrontEndAuthentication -->
