<?xml version="1.0" encoding="UTF-8"?>
<!-- Generated by org.testng.reporters.JUnitReportReporter -->
<testsuite hostname="CDWILT004" failures="0" tests="2" name="automations_WEB_Authentication.FE_Authentication" time="5.204" errors="0" timestamp="2022-08-24T16:04:19 SGT" skipped="1">
  <testcase classname="automations_WEB_Authentication.FE_Authentication" name="toSite" time="2.845"/>
  <system-out/>
  <testcase classname="automations_WEB_Authentication.FE_Authentication" name="closeAnnouncement" time="2.359">
    <skipped/>
  </testcase> <!-- closeAnnouncement -->
  <system-out/>
</testsuite> <!-- automations_WEB_Authentication.FE_Authentication -->
