<?xml version="1.0" encoding="UTF-8"?>
<!-- Generated by org.testng.reporters.JUnitReportReporter -->
<testsuite hostname="CDWILT004" failures="0" tests="4" name="automations_WEB.WEB_Logout_Site" time="9.684" errors="0" timestamp="2022-08-18T10:23:48 SGT" skipped="0">
  <testcase classname="automations_WEB.WEB_Logout_Site" name="OpenBrowserToSite" time="2.407"/>
  <system-out/>
  <testcase classname="automations_WEB.WEB_Logout_Site" name="ClickLoginOptionButton" time="0.596"/>
  <system-out/>
  <testcase classname="automations_WEB.WEB_Logout_Site" name="EnterLoginData" time="5.462"/>
  <system-out/>
  <testcase classname="automations_WEB.WEB_Logout_Site" name="Logout" time="1.219"/>
  <system-out/>
</testsuite> <!-- automations_WEB.WEB_Logout_Site -->
