<?xml version="1.0" encoding="UTF-8"?>
<!-- Generated by org.testng.reporters.JUnitReportReporter -->
<testsuite hostname="CDWILT004" failures="0" tests="4" name="automations_WEB.WEB_Logout_Site" time="11.558" errors="0" timestamp="2022-08-17T14:07:36 SGT" skipped="0">
  <testcase classname="automations_WEB.WEB_Logout_Site" name="OpenBrowserToSite" time="4.105"/>
  <system-out/>
  <testcase classname="automations_WEB.WEB_Logout_Site" name="ClickLoginOptionButton" time="0.668"/>
  <system-out/>
  <testcase classname="automations_WEB.WEB_Logout_Site" name="EnterLoginData" time="5.940"/>
  <system-out/>
  <testcase classname="automations_WEB.WEB_Logout_Site" name="Logout" time="0.845"/>
  <system-out/>
</testsuite> <!-- automations_WEB.WEB_Logout_Site -->
