<?xml version="1.0" encoding="UTF-8"?>
<!-- Generated by org.testng.reporters.JUnitReportReporter -->
<testsuite hostname="DESKTOP-7UGQK8A" failures="0" tests="7" name="webOfflineDeposit.FE_OfflineDeposit" time="20.239" errors="0" timestamp="2022-09-01T16:38:00 SGT" skipped="0">
  <testcase classname="webOfflineDeposit.FE_OfflineDeposit" name="toSite" time="1.763"/>
  <system-out/>
  <testcase classname="webOfflineDeposit.FE_OfflineDeposit" name="closeAnnouncement" time="3.093"/>
  <system-out/>
  <testcase classname="webOfflineDeposit.FE_OfflineDeposit" name="login" time="1.135"/>
  <system-out/>
  <testcase classname="webOfflineDeposit.FE_OfflineDeposit" name="toDepositPage" time="2.604"/>
  <system-out/>
  <testcase classname="webOfflineDeposit.FE_OfflineDeposit" name="offlineDepositMethods" time="3.223"/>
  <system-out/>
  <testcase classname="webOfflineDeposit.FE_OfflineDeposit" name="confirmOfflineDepositPaid" time="3.755"/>
  <system-out/>
  <testcase classname="webOfflineDeposit.FE_OfflineDeposit" name="cancelOfflineDepositRequest" time="4.666"/>
  <system-out/>
</testsuite> <!-- webOfflineDeposit.FE_OfflineDeposit -->
