<?xml version="1.0" encoding="UTF-8"?>
<!-- Generated by org.testng.reporters.JUnitReportReporter -->
<testsuite hostname="CDWILT004" failures="0" tests="5" name="automation_WEB_Withdraw.FE_Withdraw" time="32.212" errors="0" timestamp="2022-08-25T18:10:04 SGT" skipped="1">
  <testcase classname="automation_WEB_Withdraw.FE_Withdraw" name="toSite" time="4.593"/>
  <system-out/>
  <testcase classname="automation_WEB_Withdraw.FE_Withdraw" name="closeAnnouncement" time="0.085">
    <skipped/>
  </testcase> <!-- closeAnnouncement -->
  <system-out/>
  <testcase classname="automation_WEB_Withdraw.FE_Withdraw" name="login" time="6.252"/>
  <system-out/>
  <testcase classname="automation_WEB_Withdraw.FE_Withdraw" name="withdrawPage" time="1.370"/>
  <system-out/>
  <testcase classname="automation_WEB_Withdraw.FE_Withdraw" name="withdrawMethods" time="19.912"/>
  <system-out/>
</testsuite> <!-- automation_WEB_Withdraw.FE_Withdraw -->
