<?xml version="1.0" encoding="UTF-8"?>
<!-- Generated by org.testng.reporters.JUnitReportReporter -->
<testsuite hostname="CDWILT004" failures="0" tests="1" name="utilities.Testing_Purposes" time="4.641" errors="0" timestamp="2022-08-26T13:43:43 SGT" skipped="0">
  <testcase classname="utilities.Testing_Purposes" name="test001" time="4.641"/>
  <system-out/>
</testsuite> <!-- utilities.Testing_Purposes -->
