<?xml version="1.0" encoding="UTF-8"?>
<!-- Generated by org.testng.reporters.JUnitReportReporter -->
<testsuite hostname="CDWILT004" failures="0" tests="4" name="automations_WEB.FE_Login_Site" time="13.216" errors="0" timestamp="2022-08-22T18:06:02 SGT" skipped="1">
  <testcase classname="automations_WEB.FE_Login_Site" name="openBrowserToSite" time="3.249"/>
  <system-out/>
  <testcase classname="automations_WEB.FE_Login_Site" name="closeAnnouncement" time="4.618">
    <skipped/>
  </testcase> <!-- closeAnnouncement -->
  <system-out/>
  <testcase classname="automations_WEB.FE_Login_Site" name="selectLoginOption" time="0.071"/>
  <system-out/>
  <testcase classname="automations_WEB.FE_Login_Site" name="fillInLoginDataAndLogin" time="5.278"/>
  <system-out/>
</testsuite> <!-- automations_WEB.FE_Login_Site -->
