<?xml version="1.0" encoding="UTF-8"?>
<!-- Generated by org.testng.reporters.JUnitReportReporter -->
<testsuite hostname="CDWILT004" failures="0" tests="3" name="automations_WEB_BO.WEB_Login_BO" time="4.847" errors="0" timestamp="2022-08-19T12:07:21 SGT" skipped="0">
  <testcase classname="automations_WEB_BO.WEB_Login_BO" name="OpenBrowserToSite" time="2.598"/>
  <system-out/>
  <testcase classname="automations_WEB_BO.WEB_Login_BO" name="FillInLoginDetails" time="0.346"/>
  <system-out/>
  <testcase classname="automations_WEB_BO.WEB_Login_BO" name="VerifyLogin" time="1.903"/>
  <system-out/>
</testsuite> <!-- automations_WEB_BO.WEB_Login_BO -->
