<?xml version="1.0" encoding="UTF-8"?>
<!-- Generated by org.testng.reporters.JUnitReportReporter -->
<testsuite hostname="CDWILT004" failures="0" tests="1" name="automations_WEB_Authentication.FE_Logout" time="3.591" errors="0" timestamp="2022-08-24T13:36:49 SGT" skipped="0">
  <testcase classname="automations_WEB_Authentication.FE_Logout" name="logout" time="3.591"/>
  <system-out/>
</testsuite> <!-- automations_WEB_Authentication.FE_Logout -->
