<?xml version="1.0" encoding="UTF-8"?>
<!-- Generated by org.testng.reporters.JUnitReportReporter -->
<testsuite hostname="CDWILT004" failures="0" tests="3" name="automations_WEB.WEB_Login_Site" time="9.327" errors="0" timestamp="2022-08-16T17:59:56 SGT" skipped="0">
  <testcase classname="automations_WEB.WEB_Login_Site" name="OpenBrowserToSite" time="4.760"/>
  <system-out/>
  <testcase classname="automations_WEB.WEB_Login_Site" name="EnterLoginData" time="3.430"/>
  <system-out/>
  <testcase classname="automations_WEB.WEB_Login_Site" name="ClickLoginOptionButton" time="1.137"/>
  <system-out/>
</testsuite> <!-- automations_WEB.WEB_Login_Site -->
