<?xml version="1.0" encoding="UTF-8"?>
<!-- Generated by org.testng.reporters.JUnitReportReporter -->
<testsuite hostname="CDWILT004" failures="0" tests="9" name="automation_WEB_Deposit.FE_OfflineDeposit" time="44.171" errors="0" timestamp="2022-08-25T14:10:38 SGT" skipped="1">
  <testcase classname="automation_WEB_Deposit.FE_OfflineDeposit" name="toSite" time="4.491"/>
  <system-out/>
  <testcase classname="automation_WEB_Deposit.FE_OfflineDeposit" name="closeAnnouncement" time="3.592">
    <skipped/>
  </testcase> <!-- closeAnnouncement -->
  <system-out/>
  <testcase classname="automation_WEB_Deposit.FE_OfflineDeposit" name="login" time="5.873"/>
  <system-out/>
  <testcase classname="automation_WEB_Deposit.FE_OfflineDeposit" name="depositPage" time="1.307"/>
  <system-out/>
  <testcase classname="automation_WEB_Deposit.FE_OfflineDeposit" name="offlineDepositMethods" time="6.269"/>
  <system-out/>
  <testcase classname="automation_WEB_Deposit.FE_OfflineDeposit" name="confirmOfflineDepositPaid" time="1.463"/>
  <system-out/>
  <testcase classname="automation_WEB_Deposit.FE_OfflineDeposit" name="loginBOPage" time="4.602"/>
  <system-out/>
  <testcase classname="automation_WEB_Deposit.FE_OfflineDeposit" name="offlineDepositVerification" time="6.034"/>
  <system-out/>
  <testcase classname="automation_WEB_Deposit.FE_OfflineDeposit" name="offlineDepositVerificationFEWalletHistory" time="10.540"/>
  <system-out/>
</testsuite> <!-- automation_WEB_Deposit.FE_OfflineDeposit -->
