<?xml version="1.0" encoding="UTF-8"?>
<!-- Generated by org.testng.reporters.JUnitReportReporter -->
<testsuite hostname="DESKTOP-7UGQK8A" failures="0" tests="2" name="automations_WEB_Authentication.FE_Register" time="24.121" errors="0" timestamp="2022-08-23T23:20:48 SGT" skipped="1">
  <testcase classname="automations_WEB_Authentication.FE_Register" name="closeAnnouncement" time="15.052">
    <skipped/>
  </testcase> <!-- closeAnnouncement -->
  <system-out/>
  <testcase classname="automations_WEB_Authentication.FE_Register" name="register" time="9.069"/>
  <system-out/>
</testsuite> <!-- automations_WEB_Authentication.FE_Register -->
