<?xml version="1.0" encoding="UTF-8"?>
<!-- Generated by org.testng.reporters.JUnitReportReporter -->
<testsuite hostname="CDWILT004" failures="0" tests="3" name="webAuthentication.RegisterAuth" time="40.863" errors="0" timestamp="2022-10-04T11:33:02 SGT" skipped="0">
  <testcase classname="webAuthentication.RegisterAuth" name="toSite" time="3.346"/>
  <system-out/>
  <testcase classname="webAuthentication.RegisterAuth" name="closeAnnouncement" time="0.051"/>
  <system-out/>
  <testcase classname="webAuthentication.RegisterAuth" name="register" time="37.466"/>
  <system-out/>
</testsuite> <!-- webAuthentication.RegisterAuth -->
