<?xml version="1.0" encoding="UTF-8"?>
<!-- Generated by org.testng.reporters.JUnitReportReporter -->
<testsuite hostname="CDWILT004" failures="0" tests="5" name="webOfflineDeposit.OfflineDeposit" time="23.200" errors="0" timestamp="2022-09-21T15:47:53 SGT" skipped="0">
  <testcase classname="webOfflineDeposit.OfflineDeposit" name="toSite" time="1.491"/>
  <system-out/>
  <testcase classname="webOfflineDeposit.OfflineDeposit" name="closeAnnouncement" time="0.046"/>
  <system-out/>
  <testcase classname="webOfflineDeposit.OfflineDeposit" name="login" time="3.523"/>
  <system-out/>
  <testcase classname="webOfflineDeposit.OfflineDeposit" name="toDepositPage" time="16.564"/>
  <system-out/>
  <testcase classname="webOfflineDeposit.OfflineDeposit" name="offlineDepositMethods" time="1.576"/>
  <system-out/>
</testsuite> <!-- webOfflineDeposit.OfflineDeposit -->
