<?xml version="1.0" encoding="UTF-8"?>
<!-- Generated by org.testng.reporters.JUnitReportReporter -->
<testsuite hostname="CDWILT004" failures="0" tests="3" name="authenticationRunners.LoginLogoutAuthentication" time="10.133" errors="0" timestamp="2022-10-04T17:45:00 SGT" skipped="0">
  <testcase classname="authenticationRunners.LoginLogoutAuthentication" name="toSite" time="2.891"/>
  <system-out/>
  <testcase classname="authenticationRunners.LoginLogoutAuthentication" name="closeAnnouncement" time="1.977"/>
  <system-out/>
  <testcase classname="authenticationRunners.LoginLogoutAuthentication" name="login" time="5.265"/>
  <system-out/>
</testsuite> <!-- authenticationRunners.LoginLogoutAuthentication -->
