<?xml version="1.0" encoding="UTF-8"?>
<!-- Generated by org.testng.reporters.JUnitReportReporter -->
<testsuite hostname="CDWILT004" failures="0" tests="2" name="webAuthentication.Authentication" time="37.140" errors="0" timestamp="2022-09-21T15:42:31 SGT" skipped="0">
  <testcase classname="webAuthentication.Authentication" name="toSite" time="1.532"/>
  <system-out/>
  <testcase classname="webAuthentication.Authentication" name="register" time="35.608"/>
  <system-out/>
</testsuite> <!-- webAuthentication.Authentication -->
