<?xml version="1.0" encoding="UTF-8"?>
<!-- Generated by org.testng.reporters.JUnitReportReporter -->
<testsuite hostname="CDWILT004" failures="0" tests="6" name="automations_WEB_Login_Logout.FE_Open_Site" time="17.994" errors="0" timestamp="2022-08-23T13:09:38 SGT" skipped="1">
  <testcase classname="automations_WEB_Login_Logout.FE_Open_Site" name="openBrowserToSite" time="4.646"/>
  <system-out/>
  <testcase classname="automations_WEB_Login_Logout.FE_Open_Site" name="closeAnnouncement" time="4.636">
    <skipped/>
  </testcase> <!-- closeAnnouncement -->
  <system-out/>
  <testcase classname="automations_WEB_Login_Logout.FE_Open_Site" name="startLogin" time="0.074"/>
  <system-out/>
  <testcase classname="automations_WEB_Login_Logout.FE_Open_Site" name="fillInLoginDataAndLogin" time="5.584"/>
  <system-out/>
  <testcase classname="automations_WEB_Login_Logout.FE_Open_Site" name="startNext" time="0.001"/>
  <system-out/>
  <testcase classname="automations_WEB_Login_Logout.FE_Open_Site" name="logout" time="3.053"/>
  <system-out/>
</testsuite> <!-- automations_WEB_Login_Logout.FE_Open_Site -->
