<?xml version="1.0" encoding="UTF-8"?>
<!-- Generated by org.testng.reporters.JUnitReportReporter -->
<testsuite hostname="CDWILT004" failures="0" tests="3" name="automations_WEB.WEB_Login_Site" time="8.829" errors="0" timestamp="2022-08-18T10:23:48 SGT" skipped="0">
  <testcase classname="automations_WEB.WEB_Login_Site" name="OpenBrowserToSite" time="2.585"/>
  <system-out/>
  <testcase classname="automations_WEB.WEB_Login_Site" name="ClickLoginOptionButton" time="0.784"/>
  <system-out/>
  <testcase classname="automations_WEB.WEB_Login_Site" name="EnterLoginData" time="5.460"/>
  <system-out/>
</testsuite> <!-- automations_WEB.WEB_Login_Site -->
