<?xml version="1.0" encoding="UTF-8"?>
<!-- Generated by org.testng.reporters.JUnitReportReporter -->
<testsuite hostname="CDWILT004" failures="0" tests="6" name="automations_WEB.WEB_Offline_Deposit_Site" time="21.147" errors="0" timestamp="2022-08-19T10:52:48 SGT" skipped="0">
  <testcase classname="automations_WEB.WEB_Offline_Deposit_Site" name="OpenBrowserToSite" time="6.920"/>
  <system-out/>
  <testcase classname="automations_WEB.WEB_Offline_Deposit_Site" name="ClickLoginOptionButton" time="0.614"/>
  <system-out/>
  <testcase classname="automations_WEB.WEB_Offline_Deposit_Site" name="EnterLoginData" time="4.953"/>
  <system-out/>
  <testcase classname="automations_WEB.WEB_Offline_Deposit_Site" name="ToDepositPage" time="1.794"/>
  <system-out/>
  <testcase classname="automations_WEB.WEB_Offline_Deposit_Site" name="FillInOfflineDepositPageData" time="4.578"/>
  <system-out/>
  <testcase classname="automations_WEB.WEB_Offline_Deposit_Site" name="ConfirmOfflineDepositPaid" time="2.288"/>
  <system-out/>
</testsuite> <!-- automations_WEB.WEB_Offline_Deposit_Site -->
