<?xml version="1.0" encoding="UTF-8"?>
<!-- Generated by org.testng.reporters.JUnitReportReporter -->
<testsuite hostname="CDWILT004" failures="0" tests="3" name="webAuthentication.FrontEndAuthentication" time="38.361" errors="0" timestamp="2022-09-19T17:10:23 SGT" skipped="0">
  <testcase classname="webAuthentication.FrontEndAuthentication" name="toSite" time="1.327"/>
  <system-out/>
  <testcase classname="webAuthentication.FrontEndAuthentication" name="closeAnnouncement" time="0.063"/>
  <system-out/>
  <testcase classname="webAuthentication.FrontEndAuthentication" name="register" time="36.971"/>
  <system-out/>
</testsuite> <!-- webAuthentication.FrontEndAuthentication -->
