<?xml version="1.0" encoding="UTF-8"?>
<!-- Generated by org.testng.reporters.JUnitReportReporter -->
<testsuite hostname="DESKTOP-7UGQK8A" failures="0" tests="4" name="webProfile.FrontEndAddBankCard" time="14.710" errors="0" timestamp="2022-09-04T16:41:13 SGT" skipped="0">
  <testcase classname="webProfile.FrontEndAddBankCard" name="toSite" time="2.759"/>
  <system-out/>
  <testcase classname="webProfile.FrontEndAddBankCard" name="closeAnnouncement" time="3.044"/>
  <system-out/>
  <testcase classname="webProfile.FrontEndAddBankCard" name="login" time="3.579"/>
  <system-out/>
  <testcase classname="webProfile.FrontEndAddBankCard" name="profilePage" time="5.328"/>
  <system-out/>
</testsuite> <!-- webProfile.FrontEndAddBankCard -->
