<?xml version="1.0" encoding="UTF-8"?>
<!-- Generated by org.testng.reporters.JUnitReportReporter -->
<testsuite hostname="CDWILT004" failures="0" tests="2" name="Automation_WEB_Deposit.FE_Offline_Deposit" time="5.441" errors="0" timestamp="2022-08-23T14:43:30 SGT" skipped="0">
  <testcase classname="Automation_WEB_Deposit.FE_Offline_Deposit" name="toDepositPage" time="3.509"/>
  <system-out/>
  <testcase classname="Automation_WEB_Deposit.FE_Offline_Deposit" name="fillInOfflineDepositPageData" time="1.932"/>
  <system-out/>
</testsuite> <!-- Automation_WEB_Deposit.FE_Offline_Deposit -->
