<?xml version="1.0" encoding="UTF-8"?>
<!-- Generated by org.testng.reporters.JUnitReportReporter -->
<testsuite hostname="DESKTOP-7UGQK8A" failures="0" tests="4" name="automations_WEB_Authentication.FE_Login" time="8.968" errors="0" timestamp="2022-08-23T23:20:48 SGT" skipped="2">
  <testcase classname="automations_WEB_Authentication.FE_Login" name="toSite" time="2.981"/>
  <system-out/>
  <testcase classname="automations_WEB_Authentication.FE_Login" name="closeAnnouncement" time="0.019">
    <skipped/>
  </testcase> <!-- closeAnnouncement -->
  <system-out/>
  <testcase classname="automations_WEB_Authentication.FE_Login" name="login" time="5.961"/>
  <system-out/>
  <testcase classname="automations_WEB_Authentication.FE_Login" name="closeAnnouncementAfterLogin" time="0.007">
    <skipped/>
  </testcase> <!-- closeAnnouncementAfterLogin -->
  <system-out/>
</testsuite> <!-- automations_WEB_Authentication.FE_Login -->
