<?xml version="1.0" encoding="UTF-8"?>
<!-- Generated by org.testng.reporters.JUnitReportReporter -->
<testsuite hostname="CDWILT004" failures="0" tests="5" name="webOfflineDeposit.FEOfflineDeposit" time="8.830" errors="0" timestamp="2022-09-20T11:23:46 SGT" skipped="0">
  <testcase classname="webOfflineDeposit.FEOfflineDeposit" name="toSite" time="1.648"/>
  <system-out/>
  <testcase classname="webOfflineDeposit.FEOfflineDeposit" name="closeAnnouncement" time="0.047"/>
  <system-out/>
  <testcase classname="webOfflineDeposit.FEOfflineDeposit" name="login" time="3.368"/>
  <system-out/>
  <testcase classname="webOfflineDeposit.FEOfflineDeposit" name="toDepositPage" time="1.528"/>
  <system-out/>
  <testcase classname="webOfflineDeposit.FEOfflineDeposit" name="offlineDepositMethods" time="2.239"/>
  <system-out/>
</testsuite> <!-- webOfflineDeposit.FEOfflineDeposit -->
