<?xml version="1.0" encoding="UTF-8"?>
<!-- Generated by org.testng.reporters.JUnitReportReporter -->
<testsuite hostname="CDWILT004" failures="0" tests="3" name="automations_WEB.FE_Open_Site" time="9.818" errors="0" timestamp="2022-08-22T18:01:54 SGT" skipped="1">
  <testcase classname="automations_WEB.FE_Open_Site" name="openBrowserToSite" time="5.126"/>
  <system-out/>
  <testcase classname="automations_WEB.FE_Open_Site" name="closeAnnouncement" time="4.623">
    <skipped/>
  </testcase> <!-- closeAnnouncement -->
  <system-out/>
  <testcase classname="automations_WEB.FE_Open_Site" name="selectLoginOption" time="0.069"/>
  <system-out/>
</testsuite> <!-- automations_WEB.FE_Open_Site -->
