<?xml version="1.0" encoding="UTF-8"?>
<!-- Generated by org.testng.reporters.JUnitReportReporter -->
<testsuite hostname="CDWILT004" failures="0" tests="3" name="automations_WEB.FE_Login_Site" time="8.795" errors="0" timestamp="2022-08-19T14:42:15 SGT" skipped="0">
  <testcase classname="automations_WEB.FE_Login_Site" name="openBrowserToSite" time="4.252"/>
  <system-out/>
  <testcase classname="automations_WEB.FE_Login_Site" name="selectLoginOption" time="0.090"/>
  <system-out/>
  <testcase classname="automations_WEB.FE_Login_Site" name="fillInLoginDataAndLogin" time="4.453"/>
  <system-out/>
</testsuite> <!-- automations_WEB.FE_Login_Site -->
