<?xml version="1.0" encoding="UTF-8"?>
<!-- Generated by org.testng.reporters.JUnitReportReporter -->
<testsuite hostname="CDWILT004" failures="0" tests="1" name="automations_WEB.WEB_Open_Site" time="4.861" errors="0" timestamp="2022-08-18T10:23:48 SGT" skipped="0">
  <testcase classname="automations_WEB.WEB_Open_Site" name="OpenBrowserToSite" time="4.861"/>
  <system-out/>
</testsuite> <!-- automations_WEB.WEB_Open_Site -->
