<?xml version="1.0" encoding="UTF-8"?>
<!-- Generated by org.testng.reporters.JUnitReportReporter -->
<testsuite hostname="CDWILT004" failures="0" tests="5" name="automations_WEB_BO.WEB_Offline_Deposit_Approve_BO" time="6.837" errors="0" timestamp="2022-08-19T12:22:39 SGT" skipped="0">
  <testcase classname="automations_WEB_BO.WEB_Offline_Deposit_Approve_BO" name="OpenBrowserToSite" time="2.325"/>
  <system-out/>
  <testcase classname="automations_WEB_BO.WEB_Offline_Deposit_Approve_BO" name="FillInLoginDetails" time="0.337"/>
  <system-out/>
  <testcase classname="automations_WEB_BO.WEB_Offline_Deposit_Approve_BO" name="VerifyLogin" time="1.942"/>
  <system-out/>
  <testcase classname="automations_WEB_BO.WEB_Offline_Deposit_Approve_BO" name="ToOfflineDepositApproval" time="0.261"/>
  <system-out/>
  <testcase classname="automations_WEB_BO.WEB_Offline_Deposit_Approve_BO" name="FilterUserIDToApprove" time="1.972"/>
  <system-out/>
</testsuite> <!-- automations_WEB_BO.WEB_Offline_Deposit_Approve_BO -->
