<?xml version="1.0" encoding="UTF-8"?>
<!-- Generated by org.testng.reporters.JUnitReportReporter -->
<testsuite hostname="CDWILT004" failures="0" tests="4" name="automations_WEB.FE_Logout_Site" time="9.792" errors="0" timestamp="2022-08-22T17:02:28 SGT" skipped="0">
  <testcase classname="automations_WEB.FE_Logout_Site" name="openBrowserToSite" time="2.779"/>
  <system-out/>
  <testcase classname="automations_WEB.FE_Logout_Site" name="selectLoginOption" time="0.079"/>
  <system-out/>
  <testcase classname="automations_WEB.FE_Logout_Site" name="fillInLoginDataAndLogin" time="3.708"/>
  <system-out/>
  <testcase classname="automations_WEB.FE_Logout_Site" name="logout" time="3.226"/>
  <system-out/>
</testsuite> <!-- automations_WEB.FE_Logout_Site -->
