<?xml version="1.0" encoding="UTF-8"?>
<!-- Generated by org.testng.reporters.JUnitReportReporter -->
<testsuite hostname="CDWILT004" failures="0" tests="1" name="automations_WEB.FE_Open_Site" time="4.817" errors="0" timestamp="2022-08-22T17:02:28 SGT" skipped="0">
  <testcase classname="automations_WEB.FE_Open_Site" name="openBrowserToSite" time="4.817"/>
  <system-out/>
</testsuite> <!-- automations_WEB.FE_Open_Site -->
