<?xml version="1.0" encoding="UTF-8"?>
<!-- Generated by org.testng.reporters.JUnitReportReporter -->
<testsuite hostname="CDWILT004" failures="0" tests="2" name="automations_WEB_Authentication.FE_Register" time="9.716" errors="0" timestamp="2022-08-23T13:39:17 SGT" skipped="0">
  <testcase classname="automations_WEB_Authentication.FE_Register" name="startNext" time="0.001"/>
  <system-out/>
  <testcase classname="automations_WEB_Authentication.FE_Register" name="register" time="9.715"/>
  <system-out/>
</testsuite> <!-- automations_WEB_Authentication.FE_Register -->
