<?xml version="1.0" encoding="UTF-8"?>
<!-- Generated by org.testng.reporters.JUnitReportReporter -->
<testsuite hostname="CDWILT004" failures="0" tests="4" name="automations_WEB_Authentication.FE_LoginLogout" time="14.493" errors="0" timestamp="2022-08-23T13:46:15 SGT" skipped="1">
  <testcase classname="automations_WEB_Authentication.FE_LoginLogout" name="openBrowserToSite" time="0.737"/>
  <system-out/>
  <testcase classname="automations_WEB_Authentication.FE_LoginLogout" name="closeAnnouncement" time="4.640">
    <skipped/>
  </testcase> <!-- closeAnnouncement -->
  <system-out/>
  <testcase classname="automations_WEB_Authentication.FE_LoginLogout" name="login" time="5.341"/>
  <system-out/>
  <testcase classname="automations_WEB_Authentication.FE_LoginLogout" name="logout" time="3.775"/>
  <system-out/>
</testsuite> <!-- automations_WEB_Authentication.FE_LoginLogout -->
