<?xml version="1.0" encoding="UTF-8"?>
<!-- Generated by org.testng.reporters.JUnitReportReporter -->
<testsuite hostname="CDWILT004" failures="0" tests="3" name="automations_WEB.FE_Login_Site" time="8.232" errors="0" timestamp="2022-08-22T17:02:28 SGT" skipped="0">
  <testcase classname="automations_WEB.FE_Login_Site" name="openBrowserToSite" time="2.609"/>
  <system-out/>
  <testcase classname="automations_WEB.FE_Login_Site" name="selectLoginOption" time="0.083"/>
  <system-out/>
  <testcase classname="automations_WEB.FE_Login_Site" name="fillInLoginDataAndLogin" time="5.540"/>
  <system-out/>
</testsuite> <!-- automations_WEB.FE_Login_Site -->
